sm 5 OFF six/0.1e', id = '5', value = 'O1' }
20üsix initialized.

newActuator = { 'id': 0, 'baseAddress': 0x41, 'numberElements': 8, 'description': "vibration armband - left arm" }
newActuator = { 'id': 1, 'baseAddress': 0x42, 'numberElements': 8, 'description': "vibration armband - right arm" }
newActuator = { 'id': 2, 'baseAddress': 0x43, 'numberElements': 4, 'description': "peltier sleeve - left arm" }
newActuator = { 'id': 3, 'baseAddress': 0x44, 'numberElements': 4, 'description': "peltier sleeve - right arm" }
newActuator = { 'id': 4, 'baseAddress': 0x45, 'numberElements': 4, 'description': "pressure armband - left arm" }
newActuator = { 'id': 5, 'baseAddress': 0x46, 'numberElements': 4, 'description': "pressure armband - right arm" }
newActuator = { 'id': 6, 'baseAddress': 0x47, 'numberElements': 5, 'description': "electro stimuation pads" }
si 3 15 six/0.1
DEBUG: parsedRequest = { command = 'set intensity', id = '3', value = '15', packetVersion = '0.1' }
200 OK SIX/0.1


si 3 3 six/0.1
DEBUG: parsedRequest = { command = 'set intensity', id = '3', value = '3', packetVersion = '0.1' }
200 OK SIX/0.1


si 3 0 six/0.1
DEBUG: parsedRequest = { command = 'set intensity', id = '3', value = '0', packetVersion = '0.1' }
200 OK SIX/0.1


si 3 1 six/0.1
DEBUG: parsedRequest = { command = 'set intensity', id = '3', value = '1', packetVersion = '0.1' }
200 OK SIX/0.1


si 3 0 six/0.1
DEBUG: parsedRequest = { command = 'set intensity', id = '3', value = '0', packetVersion = '0.1' }
200 OK SIX/0.1


si 3 0 six/0.1
DEBUG: parsedRequest = { command = 'set intensity', id = '3', value = '0', packetVersion = '0.1' }
200 OK SIX/0.1


